<?xml version="1.0" encoding="UTF-8"?>
<!-- Generated by org.testng.reporters.JUnitReportReporter -->
<testsuite hostname="DESKTOP-3QVFLTL" name="ecommerce.ecommerce" tests="3" failures="0" timestamp="17 Mar 2022 18:00:05 GMT" time="16.834" errors="0">
  <testcase name="getUser" time="3.213" classname="ecommerce.ecommerce"/>
  <testcase name="createP" time="1.811" classname="ecommerce.ecommerce"/>
  <testcase name="Login" time="11.810" classname="ecommerce.ecommerce"/>
</testsuite> <!-- ecommerce.ecommerce -->
